17-07-2023 19:50:24 INFO  IngredientDaoImpl:108: SELECT *,ingredients.id as master_id FROM ingredients LEFT JOIN units ON ingredients.unit_id=units.id LEFT JOIN categories ON ingredients.categorie_id=categories.id WHERE ingredients.ingredient LIKE '%c%'
17-07-2023 19:50:25 INFO  IngredientDaoImpl:108: SELECT *,ingredients.id as master_id FROM ingredients LEFT JOIN units ON ingredients.unit_id=units.id LEFT JOIN categories ON ingredients.categorie_id=categories.id WHERE ingredients.ingredient LIKE '%ca%'
17-07-2023 19:50:26 INFO  IngredientDaoImpl:108: SELECT *,ingredients.id as master_id FROM ingredients LEFT JOIN units ON ingredients.unit_id=units.id LEFT JOIN categories ON ingredients.categorie_id=categories.id WHERE ingredients.ingredient LIKE '%c%'
17-07-2023 19:50:27 INFO  IngredientDaoImpl:108: SELECT *,ingredients.id as master_id FROM ingredients LEFT JOIN units ON ingredients.unit_id=units.id LEFT JOIN categories ON ingredients.categorie_id=categories.id WHERE ingredients.ingredient LIKE '%%'
17-07-2023 20:03:06 INFO  IngredientDaoImpl:108: SELECT *,ingredients.id as master_id FROM ingredients LEFT JOIN units ON ingredients.unit_id=units.id LEFT JOIN categories ON ingredients.categorie_id=categories.id WHERE ingredients.ingredient LIKE '%d%'
17-07-2023 20:03:06 INFO  IngredientDaoImpl:108: SELECT *,ingredients.id as master_id FROM ingredients LEFT JOIN units ON ingredients.unit_id=units.id LEFT JOIN categories ON ingredients.categorie_id=categories.id WHERE ingredients.ingredient LIKE '%df%'
17-07-2023 20:03:06 INFO  IngredientDaoImpl:108: SELECT *,ingredients.id as master_id FROM ingredients LEFT JOIN units ON ingredients.unit_id=units.id LEFT JOIN categories ON ingredients.categorie_id=categories.id WHERE ingredients.ingredient LIKE '%dfg%'
17-07-2023 20:03:07 INFO  IngredientDaoImpl:108: SELECT *,ingredients.id as master_id FROM ingredients LEFT JOIN units ON ingredients.unit_id=units.id LEFT JOIN categories ON ingredients.categorie_id=categories.id WHERE ingredients.ingredient LIKE '%dfgs%'
17-07-2023 20:03:07 INFO  IngredientDaoImpl:108: SELECT *,ingredients.id as master_id FROM ingredients LEFT JOIN units ON ingredients.unit_id=units.id LEFT JOIN categories ON ingredients.categorie_id=categories.id WHERE ingredients.ingredient LIKE '%dfgsd%'
17-07-2023 20:03:08 INFO  IngredientDaoImpl:108: SELECT *,ingredients.id as master_id FROM ingredients LEFT JOIN units ON ingredients.unit_id=units.id LEFT JOIN categories ON ingredients.categorie_id=categories.id WHERE ingredients.ingredient LIKE '%%'
17-07-2023 20:52:47 INFO  IngredientDaoImpl:108: SELECT *,ingredients.id as master_id FROM ingredients LEFT JOIN units ON ingredients.unit_id=units.id LEFT JOIN categories ON ingredients.categorie_id=categories.id WHERE ingredients.ingredient LIKE '%a%'
17-07-2023 20:52:47 INFO  IngredientDaoImpl:108: SELECT *,ingredients.id as master_id FROM ingredients LEFT JOIN units ON ingredients.unit_id=units.id LEFT JOIN categories ON ingredients.categorie_id=categories.id WHERE ingredients.ingredient LIKE '%as%'
17-07-2023 20:52:47 INFO  IngredientDaoImpl:108: SELECT *,ingredients.id as master_id FROM ingredients LEFT JOIN units ON ingredients.unit_id=units.id LEFT JOIN categories ON ingredients.categorie_id=categories.id WHERE ingredients.ingredient LIKE '%asd%'
17-07-2023 20:52:47 INFO  IngredientDaoImpl:108: SELECT *,ingredients.id as master_id FROM ingredients LEFT JOIN units ON ingredients.unit_id=units.id LEFT JOIN categories ON ingredients.categorie_id=categories.id WHERE ingredients.ingredient LIKE '%asdf%'
17-07-2023 20:52:47 INFO  IngredientDaoImpl:108: SELECT *,ingredients.id as master_id FROM ingredients LEFT JOIN units ON ingredients.unit_id=units.id LEFT JOIN categories ON ingredients.categorie_id=categories.id WHERE ingredients.ingredient LIKE '%asdfa%'
17-07-2023 20:52:47 INFO  IngredientDaoImpl:108: SELECT *,ingredients.id as master_id FROM ingredients LEFT JOIN units ON ingredients.unit_id=units.id LEFT JOIN categories ON ingredients.categorie_id=categories.id WHERE ingredients.ingredient LIKE '%asdfas%'
17-07-2023 20:52:47 INFO  IngredientDaoImpl:108: SELECT *,ingredients.id as master_id FROM ingredients LEFT JOIN units ON ingredients.unit_id=units.id LEFT JOIN categories ON ingredients.categorie_id=categories.id WHERE ingredients.ingredient LIKE '%asdfasf%'
17-07-2023 20:52:48 INFO  IngredientDaoImpl:108: SELECT *,ingredients.id as master_id FROM ingredients LEFT JOIN units ON ingredients.unit_id=units.id LEFT JOIN categories ON ingredients.categorie_id=categories.id WHERE ingredients.ingredient LIKE '%%'
17-07-2023 20:52:49 INFO  IngredientDaoImpl:108: SELECT *,ingredients.id as master_id FROM ingredients LEFT JOIN units ON ingredients.unit_id=units.id LEFT JOIN categories ON ingredients.categorie_id=categories.id WHERE ingredients.ingredient LIKE '%a%'
17-07-2023 20:52:49 INFO  IngredientDaoImpl:108: SELECT *,ingredients.id as master_id FROM ingredients LEFT JOIN units ON ingredients.unit_id=units.id LEFT JOIN categories ON ingredients.categorie_id=categories.id WHERE ingredients.ingredient LIKE '%as%'
17-07-2023 20:52:49 INFO  IngredientDaoImpl:108: SELECT *,ingredients.id as master_id FROM ingredients LEFT JOIN units ON ingredients.unit_id=units.id LEFT JOIN categories ON ingredients.categorie_id=categories.id WHERE ingredients.ingredient LIKE '%asd%'
17-07-2023 20:52:49 INFO  IngredientDaoImpl:108: SELECT *,ingredients.id as master_id FROM ingredients LEFT JOIN units ON ingredients.unit_id=units.id LEFT JOIN categories ON ingredients.categorie_id=categories.id WHERE ingredients.ingredient LIKE '%asdf%'
17-07-2023 20:52:49 INFO  IngredientDaoImpl:108: SELECT *,ingredients.id as master_id FROM ingredients LEFT JOIN units ON ingredients.unit_id=units.id LEFT JOIN categories ON ingredients.categorie_id=categories.id WHERE ingredients.ingredient LIKE '%asdfa%'
17-07-2023 20:52:49 INFO  IngredientDaoImpl:108: SELECT *,ingredients.id as master_id FROM ingredients LEFT JOIN units ON ingredients.unit_id=units.id LEFT JOIN categories ON ingredients.categorie_id=categories.id WHERE ingredients.ingredient LIKE '%asdfas%'
17-07-2023 20:52:50 INFO  IngredientDaoImpl:108: SELECT *,ingredients.id as master_id FROM ingredients LEFT JOIN units ON ingredients.unit_id=units.id LEFT JOIN categories ON ingredients.categorie_id=categories.id WHERE ingredients.ingredient LIKE '%%'
17-07-2023 21:01:46 INFO  IngredientDaoImpl:108: SELECT *,ingredients.id as master_id FROM ingredients LEFT JOIN units ON ingredients.unit_id=units.id LEFT JOIN categories ON ingredients.categorie_id=categories.id WHERE ingredients.ingredient LIKE '%a%'
17-07-2023 21:01:46 INFO  IngredientDaoImpl:108: SELECT *,ingredients.id as master_id FROM ingredients LEFT JOIN units ON ingredients.unit_id=units.id LEFT JOIN categories ON ingredients.categorie_id=categories.id WHERE ingredients.ingredient LIKE '%ar%'
17-07-2023 21:01:46 INFO  IngredientDaoImpl:108: SELECT *,ingredients.id as master_id FROM ingredients LEFT JOIN units ON ingredients.unit_id=units.id LEFT JOIN categories ON ingredients.categorie_id=categories.id WHERE ingredients.ingredient LIKE '%arr%'
17-07-2023 21:01:46 INFO  IngredientDaoImpl:108: SELECT *,ingredients.id as master_id FROM ingredients LEFT JOIN units ON ingredients.unit_id=units.id LEFT JOIN categories ON ingredients.categorie_id=categories.id WHERE ingredients.ingredient LIKE '%arro%'
17-07-2023 21:01:51 INFO  IngredientDaoImpl:108: SELECT *,ingredients.id as master_id FROM ingredients LEFT JOIN units ON ingredients.unit_id=units.id LEFT JOIN categories ON ingredients.categorie_id=categories.id WHERE ingredients.ingredient LIKE '%arr%'
17-07-2023 21:01:51 INFO  IngredientDaoImpl:108: SELECT *,ingredients.id as master_id FROM ingredients LEFT JOIN units ON ingredients.unit_id=units.id LEFT JOIN categories ON ingredients.categorie_id=categories.id WHERE ingredients.ingredient LIKE '%ar%'
17-07-2023 21:01:51 INFO  IngredientDaoImpl:108: SELECT *,ingredients.id as master_id FROM ingredients LEFT JOIN units ON ingredients.unit_id=units.id LEFT JOIN categories ON ingredients.categorie_id=categories.id WHERE ingredients.ingredient LIKE '%a%'
17-07-2023 21:01:51 INFO  IngredientDaoImpl:108: SELECT *,ingredients.id as master_id FROM ingredients LEFT JOIN units ON ingredients.unit_id=units.id LEFT JOIN categories ON ingredients.categorie_id=categories.id WHERE ingredients.ingredient LIKE '%%'
17-07-2023 21:01:57 INFO  IngredientDaoImpl:108: SELECT *,ingredients.id as master_id FROM ingredients LEFT JOIN units ON ingredients.unit_id=units.id LEFT JOIN categories ON ingredients.categorie_id=categories.id WHERE ingredients.ingredient LIKE '%a%'
17-07-2023 21:01:57 INFO  IngredientDaoImpl:108: SELECT *,ingredients.id as master_id FROM ingredients LEFT JOIN units ON ingredients.unit_id=units.id LEFT JOIN categories ON ingredients.categorie_id=categories.id WHERE ingredients.ingredient LIKE '%ar%'
17-07-2023 21:01:57 INFO  IngredientDaoImpl:108: SELECT *,ingredients.id as master_id FROM ingredients LEFT JOIN units ON ingredients.unit_id=units.id LEFT JOIN categories ON ingredients.categorie_id=categories.id WHERE ingredients.ingredient LIKE '%arr%'
17-07-2023 21:01:59 INFO  IngredientDaoImpl:108: SELECT *,ingredients.id as master_id FROM ingredients LEFT JOIN units ON ingredients.unit_id=units.id LEFT JOIN categories ON ingredients.categorie_id=categories.id WHERE ingredients.ingredient LIKE '%ar%'
17-07-2023 21:01:59 INFO  IngredientDaoImpl:108: SELECT *,ingredients.id as master_id FROM ingredients LEFT JOIN units ON ingredients.unit_id=units.id LEFT JOIN categories ON ingredients.categorie_id=categories.id WHERE ingredients.ingredient LIKE '%a%'
17-07-2023 21:02:00 INFO  IngredientDaoImpl:108: SELECT *,ingredients.id as master_id FROM ingredients LEFT JOIN units ON ingredients.unit_id=units.id LEFT JOIN categories ON ingredients.categorie_id=categories.id WHERE ingredients.ingredient LIKE '%%'
