16-07-2023 09:06:09 ERROR ProductIngredientComponentController:52: Error resolving onAction='#deleteObject', either the event handler is not in the Namespace or there is an error in the script.
/home/dragonyte/Repositories/PointOfSale/bin/view/components/ProductIngredientAuxiliarComponent.fxml:58

16-07-2023 09:08:11 ERROR ProductIngredientComponentController:52: Error resolving onAction='#deleteObject', either the event handler is not in the Namespace or there is an error in the script.
/home/dragonyte/Repositories/PointOfSale/bin/view/components/ProductIngredientAuxiliarComponent.fxml:58

16-07-2023 10:29:53 ERROR AddProductIngredientViewController:90: Error resolving onAction='#editObject', either the event handler is not in the Namespace or there is an error in the script.
/home/dragonyte/Repositories/PointOfSale/bin/view/components/ButtonComponent.fxml:20

16-07-2023 10:29:53 ERROR AddProductIngredientViewController:90: Error resolving onAction='#editObject', either the event handler is not in the Namespace or there is an error in the script.
/home/dragonyte/Repositories/PointOfSale/bin/view/components/ButtonComponent.fxml:20

16-07-2023 10:55:42 ERROR IngredientDaoImpl:36: Column 'quantity' not found.
16-07-2023 21:15:18 ERROR IngredientDaoImpl:115: Parameter index out of range (1 > number of parameters, which is 0).
16-07-2023 21:15:18 ERROR IngredientDaoImpl:115: Parameter index out of range (1 > number of parameters, which is 0).
16-07-2023 21:15:20 ERROR IngredientDaoImpl:115: Parameter index out of range (1 > number of parameters, which is 0).
16-07-2023 21:15:21 ERROR IngredientDaoImpl:115: Parameter index out of range (1 > number of parameters, which is 0).
16-07-2023 21:15:22 ERROR IngredientDaoImpl:115: Parameter index out of range (1 > number of parameters, which is 0).
16-07-2023 21:15:23 ERROR IngredientDaoImpl:115: Parameter index out of range (1 > number of parameters, which is 0).
16-07-2023 21:15:23 ERROR IngredientDaoImpl:115: Parameter index out of range (1 > number of parameters, which is 0).
16-07-2023 21:15:23 ERROR IngredientDaoImpl:115: Parameter index out of range (1 > number of parameters, which is 0).
16-07-2023 21:15:24 ERROR IngredientDaoImpl:115: Parameter index out of range (1 > number of parameters, which is 0).
16-07-2023 21:15:24 ERROR IngredientDaoImpl:115: Parameter index out of range (1 > number of parameters, which is 0).
16-07-2023 21:15:24 ERROR IngredientDaoImpl:115: Parameter index out of range (1 > number of parameters, which is 0).
16-07-2023 21:15:25 ERROR IngredientDaoImpl:115: Parameter index out of range (1 > number of parameters, which is 0).
16-07-2023 21:15:25 ERROR IngredientDaoImpl:115: Parameter index out of range (1 > number of parameters, which is 0).
16-07-2023 21:15:25 ERROR IngredientDaoImpl:115: Parameter index out of range (1 > number of parameters, which is 0).
16-07-2023 21:17:44 ERROR IngredientDaoImpl:115: Parameter index out of range (0 < 1 ).
16-07-2023 21:17:44 ERROR IngredientDaoImpl:115: Parameter index out of range (0 < 1 ).
16-07-2023 21:18:53 ERROR IngredientDaoImpl:114: You have an error in your SQL syntax; check the manual that corresponds to your MySQL server version for the right syntax to use near 'ingredients.ingredient LIKE '%c%'' at line 1
16-07-2023 21:18:53 ERROR IngredientDaoImpl:114: You have an error in your SQL syntax; check the manual that corresponds to your MySQL server version for the right syntax to use near 'ingredients.ingredient LIKE '%ca%'' at line 1
16-07-2023 21:20:39 INFO  IngredientDaoImpl:108: SELECT *,ingredients.id as master_id FROM ingredients LEFT JOIN units ON ingredients.unit_id=units.id LEFT JOIN categories ON ingredients.categorie_id=categories.idWHERE ingredients.ingredient LIKE '%c%'
16-07-2023 21:20:39 ERROR IngredientDaoImpl:115: You have an error in your SQL syntax; check the manual that corresponds to your MySQL server version for the right syntax to use near 'ingredients.ingredient LIKE '%c%'' at line 1
16-07-2023 21:20:39 INFO  IngredientDaoImpl:108: SELECT *,ingredients.id as master_id FROM ingredients LEFT JOIN units ON ingredients.unit_id=units.id LEFT JOIN categories ON ingredients.categorie_id=categories.idWHERE ingredients.ingredient LIKE '%ca%'
16-07-2023 21:20:39 ERROR IngredientDaoImpl:115: You have an error in your SQL syntax; check the manual that corresponds to your MySQL server version for the right syntax to use near 'ingredients.ingredient LIKE '%ca%'' at line 1
16-07-2023 21:21:33 INFO  IngredientDaoImpl:108: SELECT *,ingredients.id as master_id FROM ingredients LEFT JOIN units ON ingredients.unit_id=units.id LEFT JOIN categories ON ingredients.categorie_id=categories.id WHERE ingredients.ingredient LIKE '%c%'
16-07-2023 21:21:33 INFO  IngredientDaoImpl:108: SELECT *,ingredients.id as master_id FROM ingredients LEFT JOIN units ON ingredients.unit_id=units.id LEFT JOIN categories ON ingredients.categorie_id=categories.id WHERE ingredients.ingredient LIKE '%ca%'
16-07-2023 21:21:35 INFO  IngredientDaoImpl:108: SELECT *,ingredients.id as master_id FROM ingredients LEFT JOIN units ON ingredients.unit_id=units.id LEFT JOIN categories ON ingredients.categorie_id=categories.id WHERE ingredients.ingredient LIKE '%car%'
16-07-2023 21:21:36 INFO  IngredientDaoImpl:108: SELECT *,ingredients.id as master_id FROM ingredients LEFT JOIN units ON ingredients.unit_id=units.id LEFT JOIN categories ON ingredients.categorie_id=categories.id WHERE ingredients.ingredient LIKE '%carg%'
16-07-2023 21:21:36 INFO  IngredientDaoImpl:108: SELECT *,ingredients.id as master_id FROM ingredients LEFT JOIN units ON ingredients.unit_id=units.id LEFT JOIN categories ON ingredients.categorie_id=categories.id WHERE ingredients.ingredient LIKE '%carga%'
16-07-2023 21:21:37 INFO  IngredientDaoImpl:108: SELECT *,ingredients.id as master_id FROM ingredients LEFT JOIN units ON ingredients.unit_id=units.id LEFT JOIN categories ON ingredients.categorie_id=categories.id WHERE ingredients.ingredient LIKE '%carg%'
16-07-2023 21:21:37 INFO  IngredientDaoImpl:108: SELECT *,ingredients.id as master_id FROM ingredients LEFT JOIN units ON ingredients.unit_id=units.id LEFT JOIN categories ON ingredients.categorie_id=categories.id WHERE ingredients.ingredient LIKE '%car%'
16-07-2023 21:21:37 INFO  IngredientDaoImpl:108: SELECT *,ingredients.id as master_id FROM ingredients LEFT JOIN units ON ingredients.unit_id=units.id LEFT JOIN categories ON ingredients.categorie_id=categories.id WHERE ingredients.ingredient LIKE '%ca%'
16-07-2023 21:21:37 INFO  IngredientDaoImpl:108: SELECT *,ingredients.id as master_id FROM ingredients LEFT JOIN units ON ingredients.unit_id=units.id LEFT JOIN categories ON ingredients.categorie_id=categories.id WHERE ingredients.ingredient LIKE '%c%'
16-07-2023 21:21:37 INFO  IngredientDaoImpl:108: SELECT *,ingredients.id as master_id FROM ingredients LEFT JOIN units ON ingredients.unit_id=units.id LEFT JOIN categories ON ingredients.categorie_id=categories.id WHERE ingredients.ingredient LIKE '%%'
16-07-2023 21:21:39 INFO  IngredientDaoImpl:108: SELECT *,ingredients.id as master_id FROM ingredients LEFT JOIN units ON ingredients.unit_id=units.id LEFT JOIN categories ON ingredients.categorie_id=categories.id WHERE ingredients.ingredient LIKE '%l%'
16-07-2023 21:21:39 INFO  IngredientDaoImpl:108: SELECT *,ingredients.id as master_id FROM ingredients LEFT JOIN units ON ingredients.unit_id=units.id LEFT JOIN categories ON ingredients.categorie_id=categories.id WHERE ingredients.ingredient LIKE '%le%'
16-07-2023 21:21:39 INFO  IngredientDaoImpl:108: SELECT *,ingredients.id as master_id FROM ingredients LEFT JOIN units ON ingredients.unit_id=units.id LEFT JOIN categories ON ingredients.categorie_id=categories.id WHERE ingredients.ingredient LIKE '%len%'
16-07-2023 21:21:39 INFO  IngredientDaoImpl:108: SELECT *,ingredients.id as master_id FROM ingredients LEFT JOIN units ON ingredients.unit_id=units.id LEFT JOIN categories ON ingredients.categorie_id=categories.id WHERE ingredients.ingredient LIKE '%lene%'
16-07-2023 21:21:39 INFO  IngredientDaoImpl:108: SELECT *,ingredients.id as master_id FROM ingredients LEFT JOIN units ON ingredients.unit_id=units.id LEFT JOIN categories ON ingredients.categorie_id=categories.id WHERE ingredients.ingredient LIKE '%lenet%'
16-07-2023 21:21:39 INFO  IngredientDaoImpl:108: SELECT *,ingredients.id as master_id FROM ingredients LEFT JOIN units ON ingredients.unit_id=units.id LEFT JOIN categories ON ingredients.categorie_id=categories.id WHERE ingredients.ingredient LIKE '%lene%'
16-07-2023 21:21:40 INFO  IngredientDaoImpl:108: SELECT *,ingredients.id as master_id FROM ingredients LEFT JOIN units ON ingredients.unit_id=units.id LEFT JOIN categories ON ingredients.categorie_id=categories.id WHERE ingredients.ingredient LIKE '%len%'
16-07-2023 21:21:40 INFO  IngredientDaoImpl:108: SELECT *,ingredients.id as master_id FROM ingredients LEFT JOIN units ON ingredients.unit_id=units.id LEFT JOIN categories ON ingredients.categorie_id=categories.id WHERE ingredients.ingredient LIKE '%le%'
16-07-2023 21:21:40 INFO  IngredientDaoImpl:108: SELECT *,ingredients.id as master_id FROM ingredients LEFT JOIN units ON ingredients.unit_id=units.id LEFT JOIN categories ON ingredients.categorie_id=categories.id WHERE ingredients.ingredient LIKE '%let%'
16-07-2023 21:21:40 INFO  IngredientDaoImpl:108: SELECT *,ingredients.id as master_id FROM ingredients LEFT JOIN units ON ingredients.unit_id=units.id LEFT JOIN categories ON ingredients.categorie_id=categories.id WHERE ingredients.ingredient LIKE '%lete%'
16-07-2023 21:21:40 INFO  IngredientDaoImpl:108: SELECT *,ingredients.id as master_id FROM ingredients LEFT JOIN units ON ingredients.unit_id=units.id LEFT JOIN categories ON ingredients.categorie_id=categories.id WHERE ingredients.ingredient LIKE '%let%'
16-07-2023 21:21:41 INFO  IngredientDaoImpl:108: SELECT *,ingredients.id as master_id FROM ingredients LEFT JOIN units ON ingredients.unit_id=units.id LEFT JOIN categories ON ingredients.categorie_id=categories.id WHERE ingredients.ingredient LIKE '%le%'
16-07-2023 21:21:41 INFO  IngredientDaoImpl:108: SELECT *,ingredients.id as master_id FROM ingredients LEFT JOIN units ON ingredients.unit_id=units.id LEFT JOIN categories ON ingredients.categorie_id=categories.id WHERE ingredients.ingredient LIKE '%l%'
16-07-2023 21:21:41 INFO  IngredientDaoImpl:108: SELECT *,ingredients.id as master_id FROM ingredients LEFT JOIN units ON ingredients.unit_id=units.id LEFT JOIN categories ON ingredients.categorie_id=categories.id WHERE ingredients.ingredient LIKE '%%'
16-07-2023 21:21:42 INFO  IngredientDaoImpl:108: SELECT *,ingredients.id as master_id FROM ingredients LEFT JOIN units ON ingredients.unit_id=units.id LEFT JOIN categories ON ingredients.categorie_id=categories.id WHERE ingredients.ingredient LIKE '%p%'
16-07-2023 21:21:42 INFO  IngredientDaoImpl:108: SELECT *,ingredients.id as master_id FROM ingredients LEFT JOIN units ON ingredients.unit_id=units.id LEFT JOIN categories ON ingredients.categorie_id=categories.id WHERE ingredients.ingredient LIKE '%pe%'
16-07-2023 21:21:43 INFO  IngredientDaoImpl:108: SELECT *,ingredients.id as master_id FROM ingredients LEFT JOIN units ON ingredients.unit_id=units.id LEFT JOIN categories ON ingredients.categorie_id=categories.id WHERE ingredients.ingredient LIKE '%pec%'
16-07-2023 21:21:43 INFO  IngredientDaoImpl:108: SELECT *,ingredients.id as master_id FROM ingredients LEFT JOIN units ON ingredients.unit_id=units.id LEFT JOIN categories ON ingredients.categorie_id=categories.id WHERE ingredients.ingredient LIKE '%pech%'
16-07-2023 21:21:43 INFO  IngredientDaoImpl:108: SELECT *,ingredients.id as master_id FROM ingredients LEFT JOIN units ON ingredients.unit_id=units.id LEFT JOIN categories ON ingredients.categorie_id=categories.id WHERE ingredients.ingredient LIKE '%pec%'
16-07-2023 21:21:44 INFO  IngredientDaoImpl:108: SELECT *,ingredients.id as master_id FROM ingredients LEFT JOIN units ON ingredients.unit_id=units.id LEFT JOIN categories ON ingredients.categorie_id=categories.id WHERE ingredients.ingredient LIKE '%pe%'
16-07-2023 21:21:44 INFO  IngredientDaoImpl:108: SELECT *,ingredients.id as master_id FROM ingredients LEFT JOIN units ON ingredients.unit_id=units.id LEFT JOIN categories ON ingredients.categorie_id=categories.id WHERE ingredients.ingredient LIKE '%p%'
16-07-2023 21:21:44 INFO  IngredientDaoImpl:108: SELECT *,ingredients.id as master_id FROM ingredients LEFT JOIN units ON ingredients.unit_id=units.id LEFT JOIN categories ON ingredients.categorie_id=categories.id WHERE ingredients.ingredient LIKE '%%'
16-07-2023 21:21:44 INFO  IngredientDaoImpl:108: SELECT *,ingredients.id as master_id FROM ingredients LEFT JOIN units ON ingredients.unit_id=units.id LEFT JOIN categories ON ingredients.categorie_id=categories.id WHERE ingredients.ingredient LIKE '%%'
16-07-2023 21:21:45 INFO  IngredientDaoImpl:108: SELECT *,ingredients.id as master_id FROM ingredients LEFT JOIN units ON ingredients.unit_id=units.id LEFT JOIN categories ON ingredients.categorie_id=categories.id WHERE ingredients.ingredient LIKE '%a%'
16-07-2023 21:21:45 INFO  IngredientDaoImpl:108: SELECT *,ingredients.id as master_id FROM ingredients LEFT JOIN units ON ingredients.unit_id=units.id LEFT JOIN categories ON ingredients.categorie_id=categories.id WHERE ingredients.ingredient LIKE '%ar%'
16-07-2023 21:21:45 INFO  IngredientDaoImpl:108: SELECT *,ingredients.id as master_id FROM ingredients LEFT JOIN units ON ingredients.unit_id=units.id LEFT JOIN categories ON ingredients.categorie_id=categories.id WHERE ingredients.ingredient LIKE '%arr%'
16-07-2023 21:21:45 INFO  IngredientDaoImpl:108: SELECT *,ingredients.id as master_id FROM ingredients LEFT JOIN units ON ingredients.unit_id=units.id LEFT JOIN categories ON ingredients.categorie_id=categories.id WHERE ingredients.ingredient LIKE '%arro%'
16-07-2023 21:21:46 INFO  IngredientDaoImpl:108: SELECT *,ingredients.id as master_id FROM ingredients LEFT JOIN units ON ingredients.unit_id=units.id LEFT JOIN categories ON ingredients.categorie_id=categories.id WHERE ingredients.ingredient LIKE '%arr%'
16-07-2023 21:21:46 INFO  IngredientDaoImpl:108: SELECT *,ingredients.id as master_id FROM ingredients LEFT JOIN units ON ingredients.unit_id=units.id LEFT JOIN categories ON ingredients.categorie_id=categories.id WHERE ingredients.ingredient LIKE '%ar%'
16-07-2023 21:21:46 INFO  IngredientDaoImpl:108: SELECT *,ingredients.id as master_id FROM ingredients LEFT JOIN units ON ingredients.unit_id=units.id LEFT JOIN categories ON ingredients.categorie_id=categories.id WHERE ingredients.ingredient LIKE '%a%'
16-07-2023 21:21:46 INFO  IngredientDaoImpl:108: SELECT *,ingredients.id as master_id FROM ingredients LEFT JOIN units ON ingredients.unit_id=units.id LEFT JOIN categories ON ingredients.categorie_id=categories.id WHERE ingredients.ingredient LIKE '%%'
16-07-2023 21:21:46 INFO  IngredientDaoImpl:108: SELECT *,ingredients.id as master_id FROM ingredients LEFT JOIN units ON ingredients.unit_id=units.id LEFT JOIN categories ON ingredients.categorie_id=categories.id WHERE ingredients.ingredient LIKE '%%'
16-07-2023 21:21:47 INFO  IngredientDaoImpl:108: SELECT *,ingredients.id as master_id FROM ingredients LEFT JOIN units ON ingredients.unit_id=units.id LEFT JOIN categories ON ingredients.categorie_id=categories.id WHERE ingredients.ingredient LIKE '%f%'
16-07-2023 21:21:48 INFO  IngredientDaoImpl:108: SELECT *,ingredients.id as master_id FROM ingredients LEFT JOIN units ON ingredients.unit_id=units.id LEFT JOIN categories ON ingredients.categorie_id=categories.id WHERE ingredients.ingredient LIKE '%fr%'
16-07-2023 21:21:48 INFO  IngredientDaoImpl:108: SELECT *,ingredients.id as master_id FROM ingredients LEFT JOIN units ON ingredients.unit_id=units.id LEFT JOIN categories ON ingredients.categorie_id=categories.id WHERE ingredients.ingredient LIKE '%fri%'
16-07-2023 21:21:48 INFO  IngredientDaoImpl:108: SELECT *,ingredients.id as master_id FROM ingredients LEFT JOIN units ON ingredients.unit_id=units.id LEFT JOIN categories ON ingredients.categorie_id=categories.id WHERE ingredients.ingredient LIKE '%frij%'
16-07-2023 21:21:48 INFO  IngredientDaoImpl:108: SELECT *,ingredients.id as master_id FROM ingredients LEFT JOIN units ON ingredients.unit_id=units.id LEFT JOIN categories ON ingredients.categorie_id=categories.id WHERE ingredients.ingredient LIKE '%frijo%'
16-07-2023 21:21:49 INFO  IngredientDaoImpl:108: SELECT *,ingredients.id as master_id FROM ingredients LEFT JOIN units ON ingredients.unit_id=units.id LEFT JOIN categories ON ingredients.categorie_id=categories.id WHERE ingredients.ingredient LIKE '%frijol%'
16-07-2023 21:21:49 INFO  IngredientDaoImpl:108: SELECT *,ingredients.id as master_id FROM ingredients LEFT JOIN units ON ingredients.unit_id=units.id LEFT JOIN categories ON ingredients.categorie_id=categories.id WHERE ingredients.ingredient LIKE '%frijol %'
16-07-2023 21:21:49 INFO  IngredientDaoImpl:108: SELECT *,ingredients.id as master_id FROM ingredients LEFT JOIN units ON ingredients.unit_id=units.id LEFT JOIN categories ON ingredients.categorie_id=categories.id WHERE ingredients.ingredient LIKE '%frijol%'
16-07-2023 21:21:50 INFO  IngredientDaoImpl:108: SELECT *,ingredients.id as master_id FROM ingredients LEFT JOIN units ON ingredients.unit_id=units.id LEFT JOIN categories ON ingredients.categorie_id=categories.id WHERE ingredients.ingredient LIKE '%frijo%'
16-07-2023 21:21:51 INFO  IngredientDaoImpl:108: SELECT *,ingredients.id as master_id FROM ingredients LEFT JOIN units ON ingredients.unit_id=units.id LEFT JOIN categories ON ingredients.categorie_id=categories.id WHERE ingredients.ingredient LIKE '%frijo %'
16-07-2023 21:21:52 INFO  IngredientDaoImpl:108: SELECT *,ingredients.id as master_id FROM ingredients LEFT JOIN units ON ingredients.unit_id=units.id LEFT JOIN categories ON ingredients.categorie_id=categories.id WHERE ingredients.ingredient LIKE '%frijo r%'
16-07-2023 21:21:52 INFO  IngredientDaoImpl:108: SELECT *,ingredients.id as master_id FROM ingredients LEFT JOIN units ON ingredients.unit_id=units.id LEFT JOIN categories ON ingredients.categorie_id=categories.id WHERE ingredients.ingredient LIKE '%frijo ro%'
16-07-2023 21:21:52 INFO  IngredientDaoImpl:108: SELECT *,ingredients.id as master_id FROM ingredients LEFT JOIN units ON ingredients.unit_id=units.id LEFT JOIN categories ON ingredients.categorie_id=categories.id WHERE ingredients.ingredient LIKE '%frijo roj%'
16-07-2023 21:21:52 INFO  IngredientDaoImpl:108: SELECT *,ingredients.id as master_id FROM ingredients LEFT JOIN units ON ingredients.unit_id=units.id LEFT JOIN categories ON ingredients.categorie_id=categories.id WHERE ingredients.ingredient LIKE '%frijo rojo%'
16-07-2023 21:21:53 INFO  IngredientDaoImpl:108: SELECT *,ingredients.id as master_id FROM ingredients LEFT JOIN units ON ingredients.unit_id=units.id LEFT JOIN categories ON ingredients.categorie_id=categories.id WHERE ingredients.ingredient LIKE '%frijo roj%'
16-07-2023 21:21:53 INFO  IngredientDaoImpl:108: SELECT *,ingredients.id as master_id FROM ingredients LEFT JOIN units ON ingredients.unit_id=units.id LEFT JOIN categories ON ingredients.categorie_id=categories.id WHERE ingredients.ingredient LIKE '%frijo ro%'
16-07-2023 21:21:53 INFO  IngredientDaoImpl:108: SELECT *,ingredients.id as master_id FROM ingredients LEFT JOIN units ON ingredients.unit_id=units.id LEFT JOIN categories ON ingredients.categorie_id=categories.id WHERE ingredients.ingredient LIKE '%frijo r%'
16-07-2023 21:21:53 INFO  IngredientDaoImpl:108: SELECT *,ingredients.id as master_id FROM ingredients LEFT JOIN units ON ingredients.unit_id=units.id LEFT JOIN categories ON ingredients.categorie_id=categories.id WHERE ingredients.ingredient LIKE '%frijo %'
16-07-2023 21:21:53 INFO  IngredientDaoImpl:108: SELECT *,ingredients.id as master_id FROM ingredients LEFT JOIN units ON ingredients.unit_id=units.id LEFT JOIN categories ON ingredients.categorie_id=categories.id WHERE ingredients.ingredient LIKE '%frijo%'
16-07-2023 21:21:53 INFO  IngredientDaoImpl:108: SELECT *,ingredients.id as master_id FROM ingredients LEFT JOIN units ON ingredients.unit_id=units.id LEFT JOIN categories ON ingredients.categorie_id=categories.id WHERE ingredients.ingredient LIKE '%frij%'
16-07-2023 21:21:54 INFO  IngredientDaoImpl:108: SELECT *,ingredients.id as master_id FROM ingredients LEFT JOIN units ON ingredients.unit_id=units.id LEFT JOIN categories ON ingredients.categorie_id=categories.id WHERE ingredients.ingredient LIKE '%fri%'
16-07-2023 21:21:59 INFO  IngredientDaoImpl:108: SELECT *,ingredients.id as master_id FROM ingredients LEFT JOIN units ON ingredients.unit_id=units.id LEFT JOIN categories ON ingredients.categorie_id=categories.id WHERE ingredients.ingredient LIKE '%fr%'
16-07-2023 21:21:59 INFO  IngredientDaoImpl:108: SELECT *,ingredients.id as master_id FROM ingredients LEFT JOIN units ON ingredients.unit_id=units.id LEFT JOIN categories ON ingredients.categorie_id=categories.id WHERE ingredients.ingredient LIKE '%f%'
16-07-2023 21:21:59 INFO  IngredientDaoImpl:108: SELECT *,ingredients.id as master_id FROM ingredients LEFT JOIN units ON ingredients.unit_id=units.id LEFT JOIN categories ON ingredients.categorie_id=categories.id WHERE ingredients.ingredient LIKE '%%'
16-07-2023 21:22:01 INFO  IngredientDaoImpl:108: SELECT *,ingredients.id as master_id FROM ingredients LEFT JOIN units ON ingredients.unit_id=units.id LEFT JOIN categories ON ingredients.categorie_id=categories.id WHERE ingredients.ingredient LIKE '%c%'
16-07-2023 21:22:01 INFO  IngredientDaoImpl:108: SELECT *,ingredients.id as master_id FROM ingredients LEFT JOIN units ON ingredients.unit_id=units.id LEFT JOIN categories ON ingredients.categorie_id=categories.id WHERE ingredients.ingredient LIKE '%ca%'
16-07-2023 21:22:01 INFO  IngredientDaoImpl:108: SELECT *,ingredients.id as master_id FROM ingredients LEFT JOIN units ON ingredients.unit_id=units.id LEFT JOIN categories ON ingredients.categorie_id=categories.id WHERE ingredients.ingredient LIKE '%car%'
16-07-2023 21:22:19 INFO  IngredientDaoImpl:108: SELECT *,ingredients.id as master_id FROM ingredients LEFT JOIN units ON ingredients.unit_id=units.id LEFT JOIN categories ON ingredients.categorie_id=categories.id WHERE ingredients.ingredient LIKE '%%'
